<?xml version="1.0" encoding="UTF-8" ?>
<testsuite tests="10" failures="0" name="com.smallworld.TransactionDataFetcherTest" time="0.07" errors="0" skipped="0">
  <properties>
    <property name="idea.version" value="2021.3.2"/>
    <property name="java.runtime.name" value="OpenJDK Runtime Environment"/>
    <property name="java.vm.version" value="20.0.2+9-78"/>
    <property name="sun.boot.library.path" value="C:\Users\valde\.jdks\openjdk-20.0.2\bin"/>
    <property name="maven.multiModuleProjectDirectory" value="C:\Users\valde\Downloads\coding_test\coding_test"/>
    <property name="java.vm.vendor" value="Oracle Corporation"/>
    <property name="java.vendor.url" value="https://java.oracle.com/"/>
    <property name="guice.disable.misplaced.annotation.check" value="true"/>
    <property name="path.separator" value=";"/>
    <property name="java.vm.name" value="OpenJDK 64-Bit Server VM"/>
    <property name="sun.os.patch.level" value=""/>
    <property name="user.script" value=""/>
    <property name="user.country" value="MX"/>
    <property name="sun.java.launcher" value="SUN_STANDARD"/>
    <property name="java.vm.specification.name" value="Java Virtual Machine Specification"/>
    <property name="user.dir" value="C:\Users\valde\Downloads\coding_test\coding_test"/>
    <property name="java.vm.compressedOopsMode" value="Zero based"/>
    <property name="java.runtime.version" value="20.0.2+9-78"/>
    <property name="os.arch" value="amd64"/>
    <property name="java.io.tmpdir" value="C:\Users\valde\AppData\Local\Temp\"/>
    <property name="line.separator" value="
"/>
    <property name="java.vm.specification.vendor" value="Oracle Corporation"/>
    <property name="user.variant" value=""/>
    <property name="stderr.encoding" value="Cp1252"/>
    <property name="os.name" value="Windows 10"/>
    <property name="maven.ext.class.path" value="D:\IntelliJ IDEA 2021.3.2\plugins\maven\lib\maven-event-listener.jar"/>
    <property name="classworlds.conf" value="D:\IntelliJ IDEA 2021.3.2\plugins\maven\lib\maven3\bin\m2.conf"/>
    <property name="sun.jnu.encoding" value="Cp1252"/>
    <property name="stdout.encoding" value="Cp1252"/>
    <property name="java.library.path" value="C:\Users\valde\.jdks\openjdk-20.0.2\bin;C:\Windows\Sun\Java\bin;C:\Windows\system32;C:\Windows;C:\Python310\Scripts\;C:\Python310\;C:\Program Files\Common Files\Oracle\Java\javapath;C:\Windows\system32;C:\Windows;C:\Windows\System32\Wbem;C:\Windows\System32\WindowsPowerShell\v1.0\;C:\Windows\System32\OpenSSH\;D:\Git\cmd;D:\jdk11\bin;C:\Users\valde;C:\Program Files (x86)\dotnet\;C:\Program Files\dotnet\;D:\Putty\;D:\apache-maven-3.8.1\bin;D:\gcloud\google-cloud-sdk\bin;D:\AndroidSDK\tools\bin;D:\node\;C:\ProgramData\chocolatey\bin;C:\Program Files\Microsoft SQL Server\130\Tools\Binn\;C:\Program Files\Microsoft SQL Server\Client SDK\ODBC\170\Tools\Binn\;;C:\Program Files\Docker\Docker\resources\bin;D:\Ruby30-x64\bin;C:\Users\valde\scoop\apps\gpg\current\bin;C:\Users\valde\scoop\shims;C:\Users\valde\AppData\Local\Microsoft\WindowsApps;D:\Microsoft VS Code\bin;D:\IntelliJ IDEA 2021.1.3\bin;D:\flutter_windows_2.8.1-stable\flutter\bin;D:\IntelliJ IDEA 2021.3.2\bin;C:\Users\valde\AppData\Roaming\npm;D:\hadoop-env\hadoop-3.2.1\bin;C:\Users\valde\AppData\Local\Keybase\;D:\Azure Data Studio\bin;C:\Program Files\Lens\resources\cli\bin;."/>
    <property name="maven.conf" value="D:\IntelliJ IDEA 2021.3.2\plugins\maven\lib\maven3/conf"/>
    <property name="jdk.debug" value="release"/>
    <property name="java.class.version" value="64.0"/>
    <property name="java.specification.name" value="Java Platform API Specification"/>
    <property name="sun.management.compiler" value="HotSpot 64-Bit Tiered Compilers"/>
    <property name="os.version" value="10.0"/>
    <property name="user.home" value="C:\Users\valde"/>
    <property name="user.timezone" value="America/Mexico_City"/>
    <property name="file.encoding" value="UTF-8"/>
    <property name="java.specification.version" value="20"/>
    <property name="user.name" value="valde"/>
    <property name="java.class.path" value="D:\IntelliJ IDEA 2021.3.2\plugins\maven\lib\maven3\boot\plexus-classworlds-2.6.0.jar;D:\IntelliJ IDEA 2021.3.2\plugins\maven\lib\maven3\boot\plexus-classworlds.license"/>
    <property name="java.vm.specification.version" value="20"/>
    <property name="sun.arch.data.model" value="64"/>
    <property name="sun.java.command" value="org.codehaus.classworlds.Launcher -Didea.version=2021.3.2 install"/>
    <property name="java.home" value="C:\Users\valde\.jdks\openjdk-20.0.2"/>
    <property name="user.language" value="es"/>
    <property name="java.specification.vendor" value="Oracle Corporation"/>
    <property name="java.vm.info" value="mixed mode, sharing"/>
    <property name="java.version" value="20.0.2"/>
    <property name="native.encoding" value="Cp1252"/>
    <property name="java.vendor" value="Oracle Corporation"/>
    <property name="maven.home" value="D:\IntelliJ IDEA 2021.3.2\plugins\maven\lib\maven3"/>
    <property name="file.separator" value="\"/>
    <property name="java.version.date" value="2023-07-18"/>
    <property name="java.vendor.url.bug" value="https://bugreport.java.com/bugreport/"/>
    <property name="sun.io.unicode.encoding" value="UnicodeLittle"/>
    <property name="sun.cpu.endian" value="little"/>
    <property name="sun.cpu.isalist" value="amd64"/>
  </properties>
  <testcase classname="com.smallworld.TransactionDataFetcherTest" name="testGetTransactionsByBeneficiaryName" time="0.014"/>
  <testcase classname="com.smallworld.TransactionDataFetcherTest" name="testGetMaxTransactionAmount" time="0.003"/>
  <testcase classname="com.smallworld.TransactionDataFetcherTest" name="testGetTotalTransactionAmount" time="0.004"/>
  <testcase classname="com.smallworld.TransactionDataFetcherTest" name="testHasOpenComplianceIssues" time="0.004"/>
  <testcase classname="com.smallworld.TransactionDataFetcherTest" name="testGetTotalTransactionAmountSentBy" time="0.005"/>
  <testcase classname="com.smallworld.TransactionDataFetcherTest" name="testGetTopSender" time="0.007"/>
  <testcase classname="com.smallworld.TransactionDataFetcherTest" name="testGetUnsolvedIssueIds" time="0.004"/>
  <testcase classname="com.smallworld.TransactionDataFetcherTest" name="testGetAllSolvedIssueMessages" time="0.011"/>
  <testcase classname="com.smallworld.TransactionDataFetcherTest" name="testGetTop3TransactionsByAmount" time="0.007"/>
  <testcase classname="com.smallworld.TransactionDataFetcherTest" name="testCountUniqueClients" time="0.011"/>
</testsuite>